<?xml version="1.0" encoding="UTF-8"?>
<testng-results ignored="0" total="1" passed="1" failed="0" skipped="0">
  <reporter-output>
  </reporter-output>
  <suite started-at="2023-02-13T15:43:38 IST" name="Default suite" finished-at="2023-02-13T15:43:52 IST" duration-ms="14147">
    <groups>
    </groups>
    <test started-at="2023-02-13T15:43:38 IST" name="Default test" finished-at="2023-02-13T15:43:52 IST" duration-ms="14147">
      <class name="pages.YourAccountPageTest">
        <test-method is-config="true" signature="configurBrowser()[pri:0, instance:pages.YourAccountPageTest@4ac3c60d]" started-at="2023-02-13T15:43:38 IST" name="configurBrowser" finished-at="2023-02-13T15:43:40 IST" duration-ms="1569" status="PASS">
          <reporter-output>
          </reporter-output>
        </test-method> <!-- configurBrowser -->
        <test-method is-config="true" signature="init()[pri:0, instance:pages.YourAccountPageTest@4ac3c60d]" started-at="2023-02-13T15:43:40 IST" name="init" finished-at="2023-02-13T15:43:40 IST" duration-ms="41" status="PASS">
          <reporter-output>
          </reporter-output>
        </test-method> <!-- init -->
        <test-method signature="allButtonsVerifyPerform()[pri:0, instance:pages.YourAccountPageTest@4ac3c60d]" started-at="2023-02-13T15:43:40 IST" name="allButtonsVerifyPerform" finished-at="2023-02-13T15:43:52 IST" duration-ms="12401" status="PASS">
          <reporter-output>
          </reporter-output>
        </test-method> <!-- allButtonsVerifyPerform -->
        <test-method is-config="true" signature="tearDown()[pri:0, instance:pages.YourAccountPageTest@4ac3c60d]" started-at="2023-02-13T15:43:52 IST" name="tearDown" finished-at="2023-02-13T15:43:52 IST" duration-ms="106" status="PASS">
          <reporter-output>
          </reporter-output>
        </test-method> <!-- tearDown -->
      </class> <!-- pages.YourAccountPageTest -->
    </test> <!-- Default test -->
  </suite> <!-- Default suite -->
</testng-results>
